<?xml version="1.0" encoding="UTF-8"?>
<!-- Generated by org.testng.reporters.JUnitReportReporter -->
<testsuite hostname="DESKTOP-9FR7QSN" failures="0" tests="1" name="Test.TestCases" time="14.683" errors="0" timestamp="2023-04-22T13:46:34 IST" skipped="0">
  <testcase classname="Test.TestCases" name="VerifyLogoutFeature" time="14.683"/>
  <system-out/>
</testsuite> <!-- Test.TestCases -->
